<?xml version="1.0" encoding="UTF-8"?>
<!-- Generated by org.testng.reporters.JUnitReportReporter -->
<testsuite hostname="YY169193" failures="0" tests="1" name="com.udemy.spring.springselenium.googletest.GoogleTest" time="92.903" errors="0" timestamp="2020-12-03T18:37:07 IST" skipped="0">
  <testcase classname="com.udemy.spring.springselenium.googletest.GoogleTest" name="googleTest" time="92.903"/>
  <system-out/>
</testsuite> <!-- com.udemy.spring.springselenium.googletest.GoogleTest -->
