<?xml version="1.0" encoding="UTF-8"?>
<!-- Generated by org.testng.reporters.JUnitReportReporter -->
<testsuite hostname="YY169193" failures="0" tests="1" name="com.udemy.spring.springselenium.condition.CarTest" time="0.016" errors="0" timestamp="2020-11-29T21:45:18 IST" skipped="0">
  <testcase classname="com.udemy.spring.springselenium.condition.CarTest" name="carTest" time="0.016"/>
  <system-out/>
</testsuite> <!-- com.udemy.spring.springselenium.condition.CarTest -->
